<?xml version="1.0" encoding="UTF-8"?>
<testng-results skipped="0" failed="0" ignored="0" total="0" passed="0">
  <reporter-output>
  </reporter-output>
  <suite name="com.dlg.deop.testAPIs.RtsMockApiTest" duration-ms="22" started-at="2019-05-19T18:06:04Z" finished-at="2019-05-19T18:06:04Z">
    <groups>
    </groups>
    <test name="Command line test" duration-ms="22" started-at="2019-05-19T18:06:04Z" finished-at="2019-05-19T18:06:04Z">
    </test> <!-- Command line test -->
  </suite> <!-- com.dlg.deop.testAPIs.RtsMockApiTest -->
</testng-results>
